2018-10-08T19:02:39+00:00 INFO Queuing 3.4.0 - wc_update_340_states
2018-10-08T19:02:39+00:00 INFO Queuing 3.4.0 - wc_update_340_state
2018-10-08T19:02:39+00:00 INFO Queuing 3.4.0 - wc_update_340_last_active
2018-10-08T19:02:39+00:00 INFO Queuing 3.4.0 - wc_update_340_db_version
2018-10-08T19:02:39+00:00 INFO Queuing 3.4.3 - wc_update_343_cleanup_foreign_keys
2018-10-08T19:02:39+00:00 INFO Queuing 3.4.3 - wc_update_343_db_version
2018-10-08T19:02:43+00:00 INFO Running wc_update_340_states callback
2018-10-08T19:02:43+00:00 INFO Finished running wc_update_340_states callback
2018-10-08T19:02:43+00:00 INFO Running wc_update_340_state callback
2018-10-08T19:02:44+00:00 INFO wc_update_340_state callback needs to run again
2018-10-08T19:02:44+00:00 INFO Running wc_update_340_last_active callback
2018-10-08T19:02:44+00:00 INFO Finished running wc_update_340_last_active callback
2018-10-08T19:02:44+00:00 INFO Running wc_update_340_db_version callback
2018-10-08T19:02:44+00:00 INFO Finished running wc_update_340_db_version callback
2018-10-08T19:02:44+00:00 INFO Running wc_update_343_cleanup_foreign_keys callback
2018-10-08T19:02:44+00:00 INFO Finished running wc_update_343_cleanup_foreign_keys callback
2018-10-08T19:02:44+00:00 INFO Running wc_update_343_db_version callback
2018-10-08T19:02:45+00:00 INFO Finished running wc_update_343_db_version callback
2018-10-08T19:02:45+00:00 INFO Running wc_update_340_state callback
2018-10-08T19:02:45+00:00 INFO wc_update_340_state callback needs to run again
2018-10-08T19:02:45+00:00 INFO Running wc_update_340_state callback
2018-10-08T19:02:45+00:00 INFO wc_update_340_state callback needs to run again
2018-10-08T19:02:45+00:00 INFO Running wc_update_340_state callback
2018-10-08T19:02:45+00:00 INFO wc_update_340_state callback needs to run again
2018-10-08T19:02:45+00:00 INFO Running wc_update_340_state callback
2018-10-08T19:02:45+00:00 INFO wc_update_340_state callback needs to run again
2018-10-08T19:02:45+00:00 INFO Running wc_update_340_state callback
2018-10-08T19:02:45+00:00 INFO wc_update_340_state callback needs to run again
2018-10-08T19:02:45+00:00 INFO Running wc_update_340_state callback
2018-10-08T19:02:45+00:00 INFO wc_update_340_state callback needs to run again
2018-10-08T19:02:45+00:00 INFO Running wc_update_340_state callback
2018-10-08T19:02:45+00:00 INFO wc_update_340_state callback needs to run again
2018-10-08T19:02:45+00:00 INFO Running wc_update_340_state callback
2018-10-08T19:02:45+00:00 INFO wc_update_340_state callback needs to run again
2018-10-08T19:02:45+00:00 INFO Running wc_update_340_state callback
2018-10-08T19:02:45+00:00 INFO wc_update_340_state callback needs to run again
2018-10-08T19:02:45+00:00 INFO Running wc_update_340_state callback
2018-10-08T19:02:45+00:00 INFO wc_update_340_state callback needs to run again
2018-10-08T19:02:45+00:00 INFO Running wc_update_340_state callback
2018-10-08T19:02:45+00:00 INFO wc_update_340_state callback needs to run again
2018-10-08T19:02:45+00:00 INFO Running wc_update_340_state callback
2018-10-08T19:02:45+00:00 INFO wc_update_340_state callback needs to run again
2018-10-08T19:02:45+00:00 INFO Running wc_update_340_state callback
2018-10-08T19:02:45+00:00 INFO wc_update_340_state callback needs to run again
2018-10-08T19:02:45+00:00 INFO Running wc_update_340_state callback
2018-10-08T19:02:45+00:00 INFO wc_update_340_state callback needs to run again
2018-10-08T19:02:45+00:00 INFO Running wc_update_340_state callback
2018-10-08T19:02:46+00:00 INFO wc_update_340_state callback needs to run again
2018-10-08T19:02:46+00:00 INFO Running wc_update_340_state callback
2018-10-08T19:02:46+00:00 INFO wc_update_340_state callback needs to run again
2018-10-08T19:02:46+00:00 INFO Running wc_update_340_state callback
2018-10-08T19:02:46+00:00 INFO wc_update_340_state callback needs to run again
2018-10-08T19:02:46+00:00 INFO Running wc_update_340_state callback
2018-10-08T19:02:46+00:00 INFO wc_update_340_state callback needs to run again
2018-10-08T19:02:46+00:00 INFO Running wc_update_340_state callback
2018-10-08T19:02:46+00:00 INFO wc_update_340_state callback needs to run again
2018-10-08T19:02:46+00:00 INFO Running wc_update_340_state callback
2018-10-08T19:02:46+00:00 INFO wc_update_340_state callback needs to run again
2018-10-08T19:02:46+00:00 INFO Running wc_update_340_state callback
2018-10-08T19:02:47+00:00 INFO wc_update_340_state callback needs to run again
2018-10-08T19:02:47+00:00 INFO Running wc_update_340_state callback
2018-10-08T19:02:47+00:00 INFO wc_update_340_state callback needs to run again
2018-10-08T19:02:47+00:00 INFO Running wc_update_340_state callback
2018-10-08T19:02:47+00:00 INFO wc_update_340_state callback needs to run again
2018-10-08T19:02:47+00:00 INFO Running wc_update_340_state callback
2018-10-08T19:02:47+00:00 INFO wc_update_340_state callback needs to run again
2018-10-08T19:02:47+00:00 INFO Running wc_update_340_state callback
2018-10-08T19:02:47+00:00 INFO wc_update_340_state callback needs to run again
2018-10-08T19:02:47+00:00 INFO Running wc_update_340_state callback
2018-10-08T19:02:47+00:00 INFO wc_update_340_state callback needs to run again
2018-10-08T19:02:47+00:00 INFO Running wc_update_340_state callback
2018-10-08T19:02:47+00:00 INFO wc_update_340_state callback needs to run again
2018-10-08T19:02:47+00:00 INFO Running wc_update_340_state callback
2018-10-08T19:02:47+00:00 INFO wc_update_340_state callback needs to run again
2018-10-08T19:02:47+00:00 INFO Running wc_update_340_state callback
2018-10-08T19:02:47+00:00 INFO wc_update_340_state callback needs to run again
2018-10-08T19:02:47+00:00 INFO Running wc_update_340_state callback
2018-10-08T19:02:47+00:00 INFO wc_update_340_state callback needs to run again
2018-10-08T19:02:47+00:00 INFO Running wc_update_340_state callback
2018-10-08T19:02:48+00:00 INFO wc_update_340_state callback needs to run again
2018-10-08T19:02:48+00:00 INFO Running wc_update_340_state callback
2018-10-08T19:02:48+00:00 INFO wc_update_340_state callback needs to run again
2018-10-08T19:02:48+00:00 INFO Running wc_update_340_state callback
2018-10-08T19:02:48+00:00 INFO wc_update_340_state callback needs to run again
2018-10-08T19:02:48+00:00 INFO Running wc_update_340_state callback
2018-10-08T19:02:48+00:00 INFO wc_update_340_state callback needs to run again
2018-10-08T19:02:48+00:00 INFO Running wc_update_340_state callback
2018-10-08T19:02:48+00:00 INFO wc_update_340_state callback needs to run again
2018-10-08T19:02:48+00:00 INFO Running wc_update_340_state callback
2018-10-08T19:02:48+00:00 INFO wc_update_340_state callback needs to run again
2018-10-08T19:02:48+00:00 INFO Running wc_update_340_state callback
2018-10-08T19:02:48+00:00 INFO wc_update_340_state callback needs to run again
2018-10-08T19:02:48+00:00 INFO Running wc_update_340_state callback
2018-10-08T19:02:49+00:00 INFO wc_update_340_state callback needs to run again
2018-10-08T19:02:49+00:00 INFO Running wc_update_340_state callback
2018-10-08T19:02:49+00:00 INFO wc_update_340_state callback needs to run again
2018-10-08T19:02:49+00:00 INFO Running wc_update_340_state callback
2018-10-08T19:02:49+00:00 INFO wc_update_340_state callback needs to run again
2018-10-08T19:02:49+00:00 INFO Running wc_update_340_state callback
2018-10-08T19:02:49+00:00 INFO wc_update_340_state callback needs to run again
2018-10-08T19:02:49+00:00 INFO Running wc_update_340_state callback
2018-10-08T19:02:49+00:00 INFO wc_update_340_state callback needs to run again
2018-10-08T19:02:49+00:00 INFO Running wc_update_340_state callback
2018-10-08T19:02:49+00:00 INFO wc_update_340_state callback needs to run again
2018-10-08T19:02:49+00:00 INFO Running wc_update_340_state callback
2018-10-08T19:02:49+00:00 INFO wc_update_340_state callback needs to run again
2018-10-08T19:02:49+00:00 INFO Running wc_update_340_state callback
2018-10-08T19:02:49+00:00 INFO wc_update_340_state callback needs to run again
2018-10-08T19:02:49+00:00 INFO Running wc_update_340_state callback
2018-10-08T19:02:49+00:00 INFO wc_update_340_state callback needs to run again
2018-10-08T19:02:49+00:00 INFO Running wc_update_340_state callback
2018-10-08T19:02:49+00:00 INFO wc_update_340_state callback needs to run again
2018-10-08T19:02:49+00:00 INFO Running wc_update_340_state callback
2018-10-08T19:02:49+00:00 INFO wc_update_340_state callback needs to run again
2018-10-08T19:02:49+00:00 INFO Running wc_update_340_state callback
2018-10-08T19:02:50+00:00 INFO wc_update_340_state callback needs to run again
2018-10-08T19:02:50+00:00 INFO Running wc_update_340_state callback
2018-10-08T19:02:50+00:00 INFO wc_update_340_state callback needs to run again
2018-10-08T19:02:50+00:00 INFO Running wc_update_340_state callback
2018-10-08T19:02:50+00:00 INFO wc_update_340_state callback needs to run again
2018-10-08T19:02:50+00:00 INFO Running wc_update_340_state callback
2018-10-08T19:02:50+00:00 INFO wc_update_340_state callback needs to run again
2018-10-08T19:02:50+00:00 INFO Running wc_update_340_state callback
2018-10-08T19:02:50+00:00 INFO wc_update_340_state callback needs to run again
2018-10-08T19:02:50+00:00 INFO Running wc_update_340_state callback
2018-10-08T19:02:50+00:00 INFO wc_update_340_state callback needs to run again
2018-10-08T19:02:50+00:00 INFO Running wc_update_340_state callback
2018-10-08T19:02:50+00:00 INFO wc_update_340_state callback needs to run again
2018-10-08T19:02:50+00:00 INFO Running wc_update_340_state callback
2018-10-08T19:02:50+00:00 INFO wc_update_340_state callback needs to run again
2018-10-08T19:02:50+00:00 INFO Running wc_update_340_state callback
2018-10-08T19:02:50+00:00 INFO wc_update_340_state callback needs to run again
2018-10-08T19:02:50+00:00 INFO Running wc_update_340_state callback
2018-10-08T19:02:50+00:00 INFO wc_update_340_state callback needs to run again
2018-10-08T19:02:50+00:00 INFO Running wc_update_340_state callback
2018-10-08T19:02:50+00:00 INFO wc_update_340_state callback needs to run again
2018-10-08T19:02:50+00:00 INFO Running wc_update_340_state callback
2018-10-08T19:02:51+00:00 INFO wc_update_340_state callback needs to run again
2018-10-08T19:02:51+00:00 INFO Running wc_update_340_state callback
2018-10-08T19:02:51+00:00 INFO wc_update_340_state callback needs to run again
2018-10-08T19:02:51+00:00 INFO Running wc_update_340_state callback
2018-10-08T19:02:51+00:00 INFO wc_update_340_state callback needs to run again
2018-10-08T19:02:51+00:00 INFO Running wc_update_340_state callback
2018-10-08T19:02:51+00:00 INFO wc_update_340_state callback needs to run again
2018-10-08T19:02:51+00:00 INFO Running wc_update_340_state callback
2018-10-08T19:02:51+00:00 INFO wc_update_340_state callback needs to run again
2018-10-08T19:02:51+00:00 INFO Running wc_update_340_state callback
2018-10-08T19:02:51+00:00 INFO wc_update_340_state callback needs to run again
2018-10-08T19:02:51+00:00 INFO Running wc_update_340_state callback
2018-10-08T19:02:51+00:00 INFO Finished running wc_update_340_state callback
2018-10-08T19:02:52+00:00 INFO Data update complete
